
Gurobi 11.0.3 (win64, Java) logging started Tue Sep 10 16:48:40 2024

Set parameter Username
Set parameter LogFile to value "yRomanDomination.log"
Academic license - for non-commercial use only - expires 2025-09-02
Gurobi Optimizer version 11.0.3 build v11.0.3rc0 (win64 - Windows 10.0 (19045.2))

CPU model: Intel(R) Core(TM) i5-7300HQ CPU @ 2.50GHz, instruction set [SSE2|AVX|AVX2]
Thread count: 4 physical cores, 4 logical processors, using up to 4 threads

Optimize a model with 21 rows, 30 columns and 56 nonzeros
Model fingerprint: 0x65b7ce45
Variable types: 0 continuous, 30 integer (30 binary)
Coefficient statistics:
  Matrix range     [1e+00, 1e+01]
  Objective range  [1e+00, 2e+00]
  Bounds range     [1e+00, 1e+00]
  RHS range        [1e+00, 9e+00]
Presolve removed 2 rows and 26 columns
Presolve time: 0.00s

Explored 0 nodes (0 simplex iterations) in 0.00 seconds (0.00 work units)
Thread count was 1 (of 4 available processors)

Solution count 0

Model is infeasible
Best objective -, best bound -, gap -

Gurobi 11.0.3 (win64, Java) logging started Tue Sep 10 16:49:19 2024

Set parameter Username
Set parameter LogFile to value "yRomanDomination.log"
Academic license - for non-commercial use only - expires 2025-09-02
Gurobi Optimizer version 11.0.3 build v11.0.3rc0 (win64 - Windows 10.0 (19045.2))

CPU model: Intel(R) Core(TM) i5-7300HQ CPU @ 2.50GHz, instruction set [SSE2|AVX|AVX2]
Thread count: 4 physical cores, 4 logical processors, using up to 4 threads

Optimize a model with 21 rows, 30 columns and 56 nonzeros
Model fingerprint: 0x98a5fbff
Variable types: 0 continuous, 30 integer (30 binary)
Coefficient statistics:
  Matrix range     [1e+00, 7e+00]
  Objective range  [1e+00, 2e+00]
  Bounds range     [1e+00, 1e+00]
  RHS range        [1e+00, 9e+00]
Presolve removed 2 rows and 26 columns
Presolve time: 0.00s

Explored 0 nodes (0 simplex iterations) in 0.00 seconds (0.00 work units)
Thread count was 1 (of 4 available processors)

Solution count 0

Model is infeasible
Best objective -, best bound -, gap -

Gurobi 11.0.3 (win64, Java) logging started Tue Sep 10 16:50:10 2024

Set parameter Username
Set parameter LogFile to value "yRomanDomination.log"
Academic license - for non-commercial use only - expires 2025-09-02
Gurobi Optimizer version 11.0.3 build v11.0.3rc0 (win64 - Windows 10.0 (19045.2))

CPU model: Intel(R) Core(TM) i5-7300HQ CPU @ 2.50GHz, instruction set [SSE2|AVX|AVX2]
Thread count: 4 physical cores, 4 logical processors, using up to 4 threads

Optimize a model with 5 rows, 6 columns and 16 nonzeros
Model fingerprint: 0x6d796a75
Variable types: 0 continuous, 6 integer (6 binary)
Coefficient statistics:
  Matrix range     [1e+00, 2e+00]
  Objective range  [1e+00, 2e+00]
  Bounds range     [1e+00, 1e+00]
  RHS range        [1e+00, 1e+00]
Found heuristic solution: objective 3.0000000
Presolve removed 1 rows and 2 columns
Presolve time: 0.00s
Presolved: 4 rows, 4 columns, 14 nonzeros
Variable types: 0 continuous, 4 integer (4 binary)
Found heuristic solution: objective 2.0000000

Explored 0 nodes (0 simplex iterations) in 0.00 seconds (0.00 work units)
Thread count was 4 (of 4 available processors)

Solution count 2: 2 3 

Optimal solution found (tolerance 1.00e-04)
Best objective 2.000000000000e+00, best bound 2.000000000000e+00, gap 0.0000%

Gurobi 11.0.3 (win64, Java) logging started Tue Sep 10 16:50:32 2024

Set parameter Username
Set parameter LogFile to value "yRomanDomination.log"
Academic license - for non-commercial use only - expires 2025-09-02
Gurobi Optimizer version 11.0.3 build v11.0.3rc0 (win64 - Windows 10.0 (19045.2))

CPU model: Intel(R) Core(TM) i5-7300HQ CPU @ 2.50GHz, instruction set [SSE2|AVX|AVX2]
Thread count: 4 physical cores, 4 logical processors, using up to 4 threads

Optimize a model with 11 rows, 15 columns and 31 nonzeros
Model fingerprint: 0x8a7ead5e
Variable types: 0 continuous, 15 integer (15 binary)
Coefficient statistics:
  Matrix range     [1e+00, 4e+00]
  Objective range  [1e+00, 2e+00]
  Bounds range     [1e+00, 1e+00]
  RHS range        [1e+00, 4e+00]
Presolve removed 2 rows and 11 columns
Presolve time: 0.00s

Explored 0 nodes (0 simplex iterations) in 0.00 seconds (0.00 work units)
Thread count was 1 (of 4 available processors)

Solution count 0

Model is infeasible
Best objective -, best bound -, gap -

Gurobi 11.0.3 (win64, Java) logging started Tue Sep 10 17:33:41 2024

Set parameter Username
Set parameter LogFile to value "yRomanDomination.log"
Academic license - for non-commercial use only - expires 2025-09-02
Gurobi Optimizer version 11.0.3 build v11.0.3rc0 (win64 - Windows 10.0 (19045.2))

CPU model: Intel(R) Core(TM) i5-7300HQ CPU @ 2.50GHz, instruction set [SSE2|AVX|AVX2]
Thread count: 4 physical cores, 4 logical processors, using up to 4 threads

Optimize a model with 11 rows, 15 columns and 49 nonzeros
Model fingerprint: 0xc0051ee7
Variable types: 0 continuous, 15 integer (15 binary)
Coefficient statistics:
  Matrix range     [1e+00, 1e+00]
  Objective range  [1e+00, 2e+00]
  Bounds range     [1e+00, 1e+00]
  RHS range        [1e+00, 4e+00]
Found heuristic solution: objective 4.0000000
Presolve removed 1 rows and 5 columns
Presolve time: 0.00s
Presolved: 10 rows, 10 columns, 44 nonzeros
Variable types: 0 continuous, 10 integer (10 binary)

Root relaxation: cutoff, 7 iterations, 0.00 seconds (0.00 work units)

    Nodes    |    Current Node    |     Objective Bounds      |     Work
 Expl Unexpl |  Obj  Depth IntInf | Incumbent    BestBd   Gap | It/Node Time

     0     0     cutoff    0         4.00000    4.00000  0.00%     -    0s

Explored 1 nodes (7 simplex iterations) in 0.00 seconds (0.00 work units)
Thread count was 4 (of 4 available processors)

Solution count 1: 4 

Optimal solution found (tolerance 1.00e-04)
Best objective 4.000000000000e+00, best bound 4.000000000000e+00, gap 0.0000%

Gurobi 11.0.3 (win64, Java) logging started Tue Sep 10 17:40:40 2024

Set parameter Username
Set parameter LogFile to value "yRomanDomination.log"
Academic license - for non-commercial use only - expires 2025-09-02
Gurobi Optimizer version 11.0.3 build v11.0.3rc0 (win64 - Windows 10.0 (19045.2))

CPU model: Intel(R) Core(TM) i5-7300HQ CPU @ 2.50GHz, instruction set [SSE2|AVX|AVX2]
Thread count: 4 physical cores, 4 logical processors, using up to 4 threads

Optimize a model with 11 rows, 15 columns and 54 nonzeros
Model fingerprint: 0x40a14b79
Variable types: 0 continuous, 15 integer (15 binary)
Coefficient statistics:
  Matrix range     [1e+00, 1e+03]
  Objective range  [1e+00, 2e+00]
  Bounds range     [1e+00, 1e+00]
  RHS range        [1e+00, 4e+00]
Found heuristic solution: objective 9.0000000
Presolve time: 0.01s
Presolved: 11 rows, 15 columns, 54 nonzeros
Variable types: 0 continuous, 15 integer (15 binary)
Found heuristic solution: objective 4.0000000

Root relaxation: objective 3.000000e+00, 6 iterations, 0.00 seconds (0.00 work units)

    Nodes    |    Current Node    |     Objective Bounds      |     Work
 Expl Unexpl |  Obj  Depth IntInf | Incumbent    BestBd   Gap | It/Node Time

*    0     0               0       3.0000000    3.00000  0.00%     -    0s

Explored 1 nodes (6 simplex iterations) in 0.01 seconds (0.00 work units)
Thread count was 4 (of 4 available processors)

Solution count 3: 3 4 9 

Optimal solution found (tolerance 1.00e-04)
Best objective 3.000000000000e+00, best bound 3.000000000000e+00, gap 0.0000%

Gurobi 11.0.3 (win64, Java) logging started Tue Sep 10 17:42:15 2024

Set parameter Username
Set parameter LogFile to value "yRomanDomination.log"
Academic license - for non-commercial use only - expires 2025-09-02
Gurobi Optimizer version 11.0.3 build v11.0.3rc0 (win64 - Windows 10.0 (19045.2))

CPU model: Intel(R) Core(TM) i5-7300HQ CPU @ 2.50GHz, instruction set [SSE2|AVX|AVX2]
Thread count: 4 physical cores, 4 logical processors, using up to 4 threads

Optimize a model with 11 rows, 15 columns and 54 nonzeros
Model fingerprint: 0xccb6b0fa
Variable types: 0 continuous, 15 integer (15 binary)
Coefficient statistics:
  Matrix range     [1e+00, 1e+03]
  Objective range  [1e+00, 2e+00]
  Bounds range     [1e+00, 1e+00]
  RHS range        [1e+00, 4e+00]
Found heuristic solution: objective 5.0000000
Presolve time: 0.00s
Presolved: 11 rows, 15 columns, 54 nonzeros
Variable types: 0 continuous, 15 integer (15 binary)
Found heuristic solution: objective 3.0000000

Root relaxation: cutoff, 5 iterations, 0.00 seconds (0.00 work units)

    Nodes    |    Current Node    |     Objective Bounds      |     Work
 Expl Unexpl |  Obj  Depth IntInf | Incumbent    BestBd   Gap | It/Node Time

     0     0     cutoff    0         3.00000    3.00000  0.00%     -    0s

Explored 1 nodes (5 simplex iterations) in 0.00 seconds (0.00 work units)
Thread count was 4 (of 4 available processors)

Solution count 2: 3 5 

Optimal solution found (tolerance 1.00e-04)
Best objective 3.000000000000e+00, best bound 3.000000000000e+00, gap 0.0000%

Gurobi 11.0.3 (win64, Java) logging started Tue Sep 10 17:45:37 2024

Set parameter Username
Set parameter LogFile to value "yRomanDomination.log"
Academic license - for non-commercial use only - expires 2025-09-02
Gurobi Optimizer version 11.0.3 build v11.0.3rc0 (win64 - Windows 10.0 (19045.2))

CPU model: Intel(R) Core(TM) i5-7300HQ CPU @ 2.50GHz, instruction set [SSE2|AVX|AVX2]
Thread count: 4 physical cores, 4 logical processors, using up to 4 threads

Optimize a model with 11 rows, 15 columns and 54 nonzeros
Model fingerprint: 0x6992f141
Variable types: 0 continuous, 15 integer (15 binary)
Coefficient statistics:
  Matrix range     [1e+00, 1e+03]
  Objective range  [1e+00, 2e+00]
  Bounds range     [1e+00, 1e+00]
  RHS range        [1e+00, 4e+00]
Found heuristic solution: objective 5.0000000
Presolve time: 0.00s
Presolved: 11 rows, 15 columns, 54 nonzeros
Variable types: 0 continuous, 15 integer (15 binary)
Found heuristic solution: objective 4.0000000

Root relaxation: objective 3.000000e+00, 6 iterations, 0.00 seconds (0.00 work units)

    Nodes    |    Current Node    |     Objective Bounds      |     Work
 Expl Unexpl |  Obj  Depth IntInf | Incumbent    BestBd   Gap | It/Node Time

*    0     0               0       3.0000000    3.00000  0.00%     -    0s

Explored 1 nodes (6 simplex iterations) in 0.00 seconds (0.00 work units)
Thread count was 4 (of 4 available processors)

Solution count 3: 3 4 5 

Optimal solution found (tolerance 1.00e-04)
Best objective 3.000000000000e+00, best bound 3.000000000000e+00, gap 0.0000%

Gurobi 11.0.3 (win64, Java) logging started Tue Sep 10 18:02:13 2024

Set parameter Username
Academic license - for non-commercial use only - expires 2025-09-02
Gurobi Optimizer version 11.0.3 build v11.0.3rc0 (win64 - Windows 10.0 (19045.2))

CPU model: Intel(R) Core(TM) i5-7300HQ CPU @ 2.50GHz, instruction set [SSE2|AVX|AVX2]
Thread count: 4 physical cores, 4 logical processors, using up to 4 threads

Optimize a model with 11 rows, 15 columns and 54 nonzeros
Model fingerprint: 0xc2ec0b57
Variable types: 0 continuous, 15 integer (15 binary)
Coefficient statistics:
  Matrix range     [1e+00, 1e+03]
  Objective range  [1e+00, 2e+00]
  Bounds range     [1e+00, 1e+00]
  RHS range        [1e+00, 4e+00]
Found heuristic solution: objective 10.0000000
Presolve time: 0.00s
Presolved: 11 rows, 15 columns, 54 nonzeros
Variable types: 0 continuous, 15 integer (15 binary)
Found heuristic solution: objective 5.0000000

Root relaxation: objective 3.000000e+00, 9 iterations, 0.00 seconds (0.00 work units)

    Nodes    |    Current Node    |     Objective Bounds      |     Work
 Expl Unexpl |  Obj  Depth IntInf | Incumbent    BestBd   Gap | It/Node Time

*    0     0               0       3.0000000    3.00000  0.00%     -    0s

Explored 1 nodes (9 simplex iterations) in 0.00 seconds (0.00 work units)
Thread count was 4 (of 4 available processors)

Solution count 3: 3 5 10 

Optimal solution found (tolerance 1.00e-04)
Best objective 3.000000000000e+00, best bound 3.000000000000e+00, gap 0.0000%

Gurobi 11.0.3 (win64, Java) logging started Tue Sep 10 18:03:32 2024

Set parameter Username
Academic license - for non-commercial use only - expires 2025-09-02
Gurobi Optimizer version 11.0.3 build v11.0.3rc0 (win64 - Windows 10.0 (19045.2))

CPU model: Intel(R) Core(TM) i5-7300HQ CPU @ 2.50GHz, instruction set [SSE2|AVX|AVX2]
Thread count: 4 physical cores, 4 logical processors, using up to 4 threads

Optimize a model with 11 rows, 15 columns and 54 nonzeros
Model fingerprint: 0x6d7e3e35
Variable types: 0 continuous, 15 integer (15 binary)
Coefficient statistics:
  Matrix range     [1e+00, 1e+03]
  Objective range  [1e+00, 2e+00]
  Bounds range     [1e+00, 1e+00]
  RHS range        [1e+00, 4e+00]
Found heuristic solution: objective 5.0000000
Presolve time: 0.00s
Presolved: 11 rows, 15 columns, 54 nonzeros
Variable types: 0 continuous, 15 integer (15 binary)
Found heuristic solution: objective 3.0000000

Root relaxation: cutoff, 5 iterations, 0.00 seconds (0.00 work units)

    Nodes    |    Current Node    |     Objective Bounds      |     Work
 Expl Unexpl |  Obj  Depth IntInf | Incumbent    BestBd   Gap | It/Node Time

     0     0     cutoff    0         3.00000    3.00000  0.00%     -    0s

Explored 1 nodes (5 simplex iterations) in 0.00 seconds (0.00 work units)
Thread count was 4 (of 4 available processors)

Solution count 2: 3 5 

Optimal solution found (tolerance 1.00e-04)
Best objective 3.000000000000e+00, best bound 3.000000000000e+00, gap 0.0000%

Gurobi 11.0.3 (win64, Java) logging started Tue Sep 10 18:06:57 2024

Set parameter Username
Academic license - for non-commercial use only - expires 2025-09-02
Gurobi Optimizer version 11.0.3 build v11.0.3rc0 (win64 - Windows 10.0 (19045.2))

CPU model: Intel(R) Core(TM) i5-7300HQ CPU @ 2.50GHz, instruction set [SSE2|AVX|AVX2]
Thread count: 4 physical cores, 4 logical processors, using up to 4 threads

Optimize a model with 11 rows, 15 columns and 54 nonzeros
Model fingerprint: 0x4ac3d218
Variable types: 0 continuous, 15 integer (15 binary)
Coefficient statistics:
  Matrix range     [1e+00, 1e+03]
  Objective range  [1e+00, 2e+00]
  Bounds range     [1e+00, 1e+00]
  RHS range        [1e+00, 4e+00]
Found heuristic solution: objective 6.0000000
Presolve time: 0.00s
Presolved: 11 rows, 15 columns, 54 nonzeros
Variable types: 0 continuous, 15 integer (15 binary)
Found heuristic solution: objective 3.0000000

Root relaxation: cutoff, 3 iterations, 0.00 seconds (0.00 work units)

    Nodes    |    Current Node    |     Objective Bounds      |     Work
 Expl Unexpl |  Obj  Depth IntInf | Incumbent    BestBd   Gap | It/Node Time

     0     0     cutoff    0         3.00000    3.00000  0.00%     -    0s

Explored 1 nodes (3 simplex iterations) in 0.00 seconds (0.00 work units)
Thread count was 4 (of 4 available processors)

Solution count 2: 3 6 

Optimal solution found (tolerance 1.00e-04)
Best objective 3.000000000000e+00, best bound 3.000000000000e+00, gap 0.0000%
